16:52:31 (info) > (AUDIO) : volume to 0
16:52:31 (info) > (AUDIO) : volume to 0
16:52:31 (info) > (AUDIO) : volume to 0
16:52:31 (info) > (AUDIO) : volume to 0
16:52:31 (info) > (AUDIO) : volume to 0
16:52:31 (info) > (AUDIO) : volume to 0
16:52:31 (info) > (AUDIO) : volume to 0
16:52:31 (info) > (AUDIO) : volume to 0
16:52:31 (info) > (AUDIO) : volume to 0
16:52:31 (info) > (AUDIO) : volume to 0
16:52:31 (info) > (AUDIO) : volume to 0
16:52:31 (info) > (AUDIO) : volume to 0
16:52:31 (info) > (AUDIO) : volume to 0
16:52:31 (info) > (AUDIO) : volume to 0
16:52:31 (info) > (AUDIO) : volume to 0
16:52:31 (info) > (AUDIO) : volume to 0
16:52:31 (info) > (AUDIO) : volume to 0
16:52:31 (info) > (AUDIO) : volume to 0
16:52:31 (info) > (AUDIO) : volume to 0
16:52:31 (info) > (AUDIO) : volume to 0
16:52:31 (info) > program ends.
16:52:31 (info) > (AUDIO) : volume to 0
16:52:31 (info) > (AUDIO) : volume to 0



16:53:13 (info) > program started
16:53:13 (info) > (ARDUINO) init
16:53:13 (info) > (DATA) init
16:53:13 (info) > (AUDIO) init
16:53:13 (info) > (CURSES) init
16:53:13 (info) > (AUDIO) : coucou
16:53:32 (info) > program ends.
